<?xml version="1.0" encoding="UTF-8"?>
<testsuite xmlns:xsi="http://www.w3.org/2001/XMLSchema-instance" xsi:noNamespaceSchemaLocation="https://maven.apache.org/surefire/maven-surefire-plugin/xsd/surefire-test-report.xsd" version="3.0.2" name="example.MapTests" time="0.045" tests="1" errors="0" skipped="0" failures="0">
  <properties>
    <property name="java.specification.version" value="22"/>
    <property name="sun.cpu.isalist" value="amd64"/>
    <property name="sun.jnu.encoding" value="Cp1252"/>
    <property name="java.class.path" value="C:\github\lambda_for_free\spring_cloud_http\target\test-classes;C:\github\lambda_for_free\spring_cloud_http\target\classes;C:\Users\matth\.m2\repository\org\springframework\cloud\spring-cloud-function-adapter-aws\4.3.0-SNAPSHOT\spring-cloud-function-adapter-aws-4.3.0-SNAPSHOT.jar;C:\Users\matth\.m2\repository\org\springframework\cloud\spring-cloud-function-context\4.3.0-SNAPSHOT\spring-cloud-function-context-4.3.0-SNAPSHOT.jar;C:\Users\matth\.m2\repository\org\springframework\boot\spring-boot-autoconfigure\3.5.0-RC1\spring-boot-autoconfigure-3.5.0-RC1.jar;C:\Users\matth\.m2\repository\org\springframework\cloud\spring-cloud-function-core\4.3.0-SNAPSHOT\spring-cloud-function-core-4.3.0-SNAPSHOT.jar;C:\Users\matth\.m2\repository\io\projectreactor\reactor-core\3.7.5\reactor-core-3.7.5.jar;C:\Users\matth\.m2\repository\org\springframework\spring-messaging\6.2.6\spring-messaging-6.2.6.jar;C:\Users\matth\.m2\repository\com\fasterxml\jackson\datatype\jackson-datatype-jsr310\2.18.3\jackson-datatype-jsr310-2.18.3.jar;C:\Users\matth\.m2\repository\com\fasterxml\jackson\core\jackson-annotations\2.18.3\jackson-annotations-2.18.3.jar;C:\Users\matth\.m2\repository\com\fasterxml\jackson\core\jackson-core\2.18.3\jackson-core-2.18.3.jar;C:\Users\matth\.m2\repository\com\fasterxml\jackson\datatype\jackson-datatype-joda\2.18.3\jackson-datatype-joda-2.18.3.jar;C:\Users\matth\.m2\repository\com\fasterxml\jackson\core\jackson-databind\2.18.3\jackson-databind-2.18.3.jar;C:\Users\matth\.m2\repository\org\springframework\boot\spring-boot-starter\3.5.0-RC1\spring-boot-starter-3.5.0-RC1.jar;C:\Users\matth\.m2\repository\org\springframework\boot\spring-boot\3.5.0-RC1\spring-boot-3.5.0-RC1.jar;C:\Users\matth\.m2\repository\org\springframework\boot\spring-boot-starter-logging\3.5.0-RC1\spring-boot-starter-logging-3.5.0-RC1.jar;C:\Users\matth\.m2\repository\ch\qos\logback\logback-classic\1.5.18\logback-classic-1.5.18.jar;C:\Users\matth\.m2\repository\ch\qos\logback\logback-core\1.5.18\logback-core-1.5.18.jar;C:\Users\matth\.m2\repository\org\apache\logging\log4j\log4j-to-slf4j\2.24.3\log4j-to-slf4j-2.24.3.jar;C:\Users\matth\.m2\repository\org\apache\logging\log4j\log4j-api\2.24.3\log4j-api-2.24.3.jar;C:\Users\matth\.m2\repository\org\slf4j\jul-to-slf4j\2.0.17\jul-to-slf4j-2.0.17.jar;C:\Users\matth\.m2\repository\jakarta\annotation\jakarta.annotation-api\2.1.1\jakarta.annotation-api-2.1.1.jar;C:\Users\matth\.m2\repository\org\yaml\snakeyaml\2.4\snakeyaml-2.4.jar;C:\Users\matth\.m2\repository\org\springframework\spring-webmvc\6.2.6\spring-webmvc-6.2.6.jar;C:\Users\matth\.m2\repository\org\springframework\spring-aop\6.2.6\spring-aop-6.2.6.jar;C:\Users\matth\.m2\repository\org\springframework\spring-beans\6.2.6\spring-beans-6.2.6.jar;C:\Users\matth\.m2\repository\org\springframework\spring-context\6.2.6\spring-context-6.2.6.jar;C:\Users\matth\.m2\repository\io\micrometer\micrometer-observation\1.15.0-RC1\micrometer-observation-1.15.0-RC1.jar;C:\Users\matth\.m2\repository\io\micrometer\micrometer-commons\1.15.0-RC1\micrometer-commons-1.15.0-RC1.jar;C:\Users\matth\.m2\repository\org\springframework\spring-expression\6.2.6\spring-expression-6.2.6.jar;C:\Users\matth\.m2\repository\org\springframework\spring-web\6.2.6\spring-web-6.2.6.jar;C:\Users\matth\.m2\repository\com\amazonaws\aws-lambda-java-events\3.14.0\aws-lambda-java-events-3.14.0.jar;C:\Users\matth\.m2\repository\joda-time\joda-time\2.10.8\joda-time-2.10.8.jar;C:\Users\matth\.m2\repository\com\amazonaws\aws-lambda-java-core\1.2.3\aws-lambda-java-core-1.2.3.jar;C:\Users\matth\.m2\repository\org\springframework\boot\spring-boot-starter-test\3.5.0-RC1\spring-boot-starter-test-3.5.0-RC1.jar;C:\Users\matth\.m2\repository\org\springframework\boot\spring-boot-test\3.5.0-RC1\spring-boot-test-3.5.0-RC1.jar;C:\Users\matth\.m2\repository\org\springframework\boot\spring-boot-test-autoconfigure\3.5.0-RC1\spring-boot-test-autoconfigure-3.5.0-RC1.jar;C:\Users\matth\.m2\repository\com\jayway\jsonpath\json-path\2.9.0\json-path-2.9.0.jar;C:\Users\matth\.m2\repository\org\slf4j\slf4j-api\2.0.17\slf4j-api-2.0.17.jar;C:\Users\matth\.m2\repository\jakarta\xml\bind\jakarta.xml.bind-api\4.0.2\jakarta.xml.bind-api-4.0.2.jar;C:\Users\matth\.m2\repository\jakarta\activation\jakarta.activation-api\2.1.3\jakarta.activation-api-2.1.3.jar;C:\Users\matth\.m2\repository\net\minidev\json-smart\2.5.2\json-smart-2.5.2.jar;C:\Users\matth\.m2\repository\net\minidev\accessors-smart\2.5.2\accessors-smart-2.5.2.jar;C:\Users\matth\.m2\repository\org\ow2\asm\asm\9.7.1\asm-9.7.1.jar;C:\Users\matth\.m2\repository\org\assertj\assertj-core\3.27.3\assertj-core-3.27.3.jar;C:\Users\matth\.m2\repository\net\bytebuddy\byte-buddy\1.17.5\byte-buddy-1.17.5.jar;C:\Users\matth\.m2\repository\org\awaitility\awaitility\4.3.0\awaitility-4.3.0.jar;C:\Users\matth\.m2\repository\org\hamcrest\hamcrest\3.0\hamcrest-3.0.jar;C:\Users\matth\.m2\repository\org\junit\jupiter\junit-jupiter\5.12.2\junit-jupiter-5.12.2.jar;C:\Users\matth\.m2\repository\org\junit\jupiter\junit-jupiter-api\5.12.2\junit-jupiter-api-5.12.2.jar;C:\Users\matth\.m2\repository\org\opentest4j\opentest4j\1.3.0\opentest4j-1.3.0.jar;C:\Users\matth\.m2\repository\org\junit\platform\junit-platform-commons\1.12.2\junit-platform-commons-1.12.2.jar;C:\Users\matth\.m2\repository\org\apiguardian\apiguardian-api\1.1.2\apiguardian-api-1.1.2.jar;C:\Users\matth\.m2\repository\org\junit\jupiter\junit-jupiter-params\5.12.2\junit-jupiter-params-5.12.2.jar;C:\Users\matth\.m2\repository\org\junit\jupiter\junit-jupiter-engine\5.12.2\junit-jupiter-engine-5.12.2.jar;C:\Users\matth\.m2\repository\org\junit\platform\junit-platform-engine\1.12.2\junit-platform-engine-1.12.2.jar;C:\Users\matth\.m2\repository\org\mockito\mockito-core\5.17.0\mockito-core-5.17.0.jar;C:\Users\matth\.m2\repository\net\bytebuddy\byte-buddy-agent\1.17.5\byte-buddy-agent-1.17.5.jar;C:\Users\matth\.m2\repository\org\objenesis\objenesis\3.3\objenesis-3.3.jar;C:\Users\matth\.m2\repository\org\mockito\mockito-junit-jupiter\5.17.0\mockito-junit-jupiter-5.17.0.jar;C:\Users\matth\.m2\repository\org\skyscreamer\jsonassert\1.5.3\jsonassert-1.5.3.jar;C:\Users\matth\.m2\repository\com\vaadin\external\google\android-json\0.0.20131108.vaadin1\android-json-0.0.20131108.vaadin1.jar;C:\Users\matth\.m2\repository\org\springframework\spring-core\6.2.6\spring-core-6.2.6.jar;C:\Users\matth\.m2\repository\org\springframework\spring-jcl\6.2.6\spring-jcl-6.2.6.jar;C:\Users\matth\.m2\repository\org\springframework\spring-test\6.2.6\spring-test-6.2.6.jar;C:\Users\matth\.m2\repository\org\xmlunit\xmlunit-core\2.10.0\xmlunit-core-2.10.0.jar;C:\Users\matth\.m2\repository\org\springframework\boot\spring-boot-configuration-processor\3.5.0-RC1\spring-boot-configuration-processor-3.5.0-RC1.jar;C:\Users\matth\.m2\repository\software\amazon\awssdk\sqs\2.31.30\sqs-2.31.30.jar;C:\Users\matth\.m2\repository\software\amazon\awssdk\aws-json-protocol\2.31.30\aws-json-protocol-2.31.30.jar;C:\Users\matth\.m2\repository\software\amazon\awssdk\third-party-jackson-core\2.31.30\third-party-jackson-core-2.31.30.jar;C:\Users\matth\.m2\repository\software\amazon\awssdk\protocol-core\2.31.30\protocol-core-2.31.30.jar;C:\Users\matth\.m2\repository\software\amazon\awssdk\http-auth-aws\2.31.30\http-auth-aws-2.31.30.jar;C:\Users\matth\.m2\repository\software\amazon\awssdk\checksums-spi\2.31.30\checksums-spi-2.31.30.jar;C:\Users\matth\.m2\repository\software\amazon\awssdk\checksums\2.31.30\checksums-2.31.30.jar;C:\Users\matth\.m2\repository\software\amazon\awssdk\sdk-core\2.31.30\sdk-core-2.31.30.jar;C:\Users\matth\.m2\repository\software\amazon\awssdk\retries\2.31.30\retries-2.31.30.jar;C:\Users\matth\.m2\repository\org\reactivestreams\reactive-streams\1.0.4\reactive-streams-1.0.4.jar;C:\Users\matth\.m2\repository\software\amazon\awssdk\auth\2.31.30\auth-2.31.30.jar;C:\Users\matth\.m2\repository\software\amazon\awssdk\http-auth-aws-eventstream\2.31.30\http-auth-aws-eventstream-2.31.30.jar;C:\Users\matth\.m2\repository\software\amazon\eventstream\eventstream\1.0.1\eventstream-1.0.1.jar;C:\Users\matth\.m2\repository\software\amazon\awssdk\http-auth-spi\2.31.30\http-auth-spi-2.31.30.jar;C:\Users\matth\.m2\repository\software\amazon\awssdk\http-auth\2.31.30\http-auth-2.31.30.jar;C:\Users\matth\.m2\repository\software\amazon\awssdk\identity-spi\2.31.30\identity-spi-2.31.30.jar;C:\Users\matth\.m2\repository\software\amazon\awssdk\http-client-spi\2.31.30\http-client-spi-2.31.30.jar;C:\Users\matth\.m2\repository\software\amazon\awssdk\regions\2.31.30\regions-2.31.30.jar;C:\Users\matth\.m2\repository\software\amazon\awssdk\annotations\2.31.30\annotations-2.31.30.jar;C:\Users\matth\.m2\repository\software\amazon\awssdk\utils\2.31.30\utils-2.31.30.jar;C:\Users\matth\.m2\repository\software\amazon\awssdk\aws-core\2.31.30\aws-core-2.31.30.jar;C:\Users\matth\.m2\repository\software\amazon\awssdk\metrics-spi\2.31.30\metrics-spi-2.31.30.jar;C:\Users\matth\.m2\repository\software\amazon\awssdk\json-utils\2.31.30\json-utils-2.31.30.jar;C:\Users\matth\.m2\repository\software\amazon\awssdk\endpoints-spi\2.31.30\endpoints-spi-2.31.30.jar;C:\Users\matth\.m2\repository\software\amazon\awssdk\retries-spi\2.31.30\retries-spi-2.31.30.jar;C:\Users\matth\.m2\repository\software\amazon\awssdk\apache-client\2.31.30\apache-client-2.31.30.jar;C:\Users\matth\.m2\repository\org\apache\httpcomponents\httpclient\4.5.13\httpclient-4.5.13.jar;C:\Users\matth\.m2\repository\commons-logging\commons-logging\1.2\commons-logging-1.2.jar;C:\Users\matth\.m2\repository\org\apache\httpcomponents\httpcore\4.4.16\httpcore-4.4.16.jar;C:\Users\matth\.m2\repository\commons-codec\commons-codec\1.18.0\commons-codec-1.18.0.jar;C:\Users\matth\.m2\repository\software\amazon\awssdk\netty-nio-client\2.31.30\netty-nio-client-2.31.30.jar;C:\Users\matth\.m2\repository\io\netty\netty-codec-http\4.1.119.Final\netty-codec-http-4.1.119.Final.jar;C:\Users\matth\.m2\repository\io\netty\netty-codec-http2\4.1.119.Final\netty-codec-http2-4.1.119.Final.jar;C:\Users\matth\.m2\repository\io\netty\netty-codec\4.1.119.Final\netty-codec-4.1.119.Final.jar;C:\Users\matth\.m2\repository\io\netty\netty-transport\4.1.119.Final\netty-transport-4.1.119.Final.jar;C:\Users\matth\.m2\repository\io\netty\netty-common\4.1.119.Final\netty-common-4.1.119.Final.jar;C:\Users\matth\.m2\repository\io\netty\netty-buffer\4.1.119.Final\netty-buffer-4.1.119.Final.jar;C:\Users\matth\.m2\repository\io\netty\netty-handler\4.1.119.Final\netty-handler-4.1.119.Final.jar;C:\Users\matth\.m2\repository\io\netty\netty-transport-native-unix-common\4.1.119.Final\netty-transport-native-unix-common-4.1.119.Final.jar;C:\Users\matth\.m2\repository\io\netty\netty-transport-classes-epoll\4.1.119.Final\netty-transport-classes-epoll-4.1.119.Final.jar;C:\Users\matth\.m2\repository\io\netty\netty-resolver\4.1.119.Final\netty-resolver-4.1.119.Final.jar;C:\Users\matth\.m2\repository\software\amazon\awssdk\dynamodb\2.31.30\dynamodb-2.31.30.jar;C:\Users\matth\.m2\repository\software\amazon\awssdk\profiles\2.31.30\profiles-2.31.30.jar;"/>
    <property name="java.vm.vendor" value="Oracle Corporation"/>
    <property name="sun.arch.data.model" value="64"/>
    <property name="user.variant" value=""/>
    <property name="java.vendor.url" value="https://java.oracle.com/"/>
    <property name="user.timezone" value="America/New_York"/>
    <property name="os.name" value="Windows 11"/>
    <property name="java.vm.specification.version" value="22"/>
    <property name="sun.java.launcher" value="SUN_STANDARD"/>
    <property name="user.country" value="US"/>
    <property name="sun.boot.library.path" value="C:\Users\matth\.jdks\openjdk-22.0.2\bin"/>
    <property name="sun.java.command" value="C:\Users\matth\AppData\Local\Temp\surefire13882819708487712887\surefirebooter-20250427125413671_3.jar C:\Users\matth\AppData\Local\Temp\surefire13882819708487712887 2025-04-27T12-54-13_403-jvmRun1 surefire-20250427125413671_1tmp surefire_0-20250427125413671_2tmp"/>
    <property name="jdk.debug" value="release"/>
    <property name="surefire.test.class.path" value="C:\github\lambda_for_free\spring_cloud_http\target\test-classes;C:\github\lambda_for_free\spring_cloud_http\target\classes;C:\Users\matth\.m2\repository\org\springframework\cloud\spring-cloud-function-adapter-aws\4.3.0-SNAPSHOT\spring-cloud-function-adapter-aws-4.3.0-SNAPSHOT.jar;C:\Users\matth\.m2\repository\org\springframework\cloud\spring-cloud-function-context\4.3.0-SNAPSHOT\spring-cloud-function-context-4.3.0-SNAPSHOT.jar;C:\Users\matth\.m2\repository\org\springframework\boot\spring-boot-autoconfigure\3.5.0-RC1\spring-boot-autoconfigure-3.5.0-RC1.jar;C:\Users\matth\.m2\repository\org\springframework\cloud\spring-cloud-function-core\4.3.0-SNAPSHOT\spring-cloud-function-core-4.3.0-SNAPSHOT.jar;C:\Users\matth\.m2\repository\io\projectreactor\reactor-core\3.7.5\reactor-core-3.7.5.jar;C:\Users\matth\.m2\repository\org\springframework\spring-messaging\6.2.6\spring-messaging-6.2.6.jar;C:\Users\matth\.m2\repository\com\fasterxml\jackson\datatype\jackson-datatype-jsr310\2.18.3\jackson-datatype-jsr310-2.18.3.jar;C:\Users\matth\.m2\repository\com\fasterxml\jackson\core\jackson-annotations\2.18.3\jackson-annotations-2.18.3.jar;C:\Users\matth\.m2\repository\com\fasterxml\jackson\core\jackson-core\2.18.3\jackson-core-2.18.3.jar;C:\Users\matth\.m2\repository\com\fasterxml\jackson\datatype\jackson-datatype-joda\2.18.3\jackson-datatype-joda-2.18.3.jar;C:\Users\matth\.m2\repository\com\fasterxml\jackson\core\jackson-databind\2.18.3\jackson-databind-2.18.3.jar;C:\Users\matth\.m2\repository\org\springframework\boot\spring-boot-starter\3.5.0-RC1\spring-boot-starter-3.5.0-RC1.jar;C:\Users\matth\.m2\repository\org\springframework\boot\spring-boot\3.5.0-RC1\spring-boot-3.5.0-RC1.jar;C:\Users\matth\.m2\repository\org\springframework\boot\spring-boot-starter-logging\3.5.0-RC1\spring-boot-starter-logging-3.5.0-RC1.jar;C:\Users\matth\.m2\repository\ch\qos\logback\logback-classic\1.5.18\logback-classic-1.5.18.jar;C:\Users\matth\.m2\repository\ch\qos\logback\logback-core\1.5.18\logback-core-1.5.18.jar;C:\Users\matth\.m2\repository\org\apache\logging\log4j\log4j-to-slf4j\2.24.3\log4j-to-slf4j-2.24.3.jar;C:\Users\matth\.m2\repository\org\apache\logging\log4j\log4j-api\2.24.3\log4j-api-2.24.3.jar;C:\Users\matth\.m2\repository\org\slf4j\jul-to-slf4j\2.0.17\jul-to-slf4j-2.0.17.jar;C:\Users\matth\.m2\repository\jakarta\annotation\jakarta.annotation-api\2.1.1\jakarta.annotation-api-2.1.1.jar;C:\Users\matth\.m2\repository\org\yaml\snakeyaml\2.4\snakeyaml-2.4.jar;C:\Users\matth\.m2\repository\org\springframework\spring-webmvc\6.2.6\spring-webmvc-6.2.6.jar;C:\Users\matth\.m2\repository\org\springframework\spring-aop\6.2.6\spring-aop-6.2.6.jar;C:\Users\matth\.m2\repository\org\springframework\spring-beans\6.2.6\spring-beans-6.2.6.jar;C:\Users\matth\.m2\repository\org\springframework\spring-context\6.2.6\spring-context-6.2.6.jar;C:\Users\matth\.m2\repository\io\micrometer\micrometer-observation\1.15.0-RC1\micrometer-observation-1.15.0-RC1.jar;C:\Users\matth\.m2\repository\io\micrometer\micrometer-commons\1.15.0-RC1\micrometer-commons-1.15.0-RC1.jar;C:\Users\matth\.m2\repository\org\springframework\spring-expression\6.2.6\spring-expression-6.2.6.jar;C:\Users\matth\.m2\repository\org\springframework\spring-web\6.2.6\spring-web-6.2.6.jar;C:\Users\matth\.m2\repository\com\amazonaws\aws-lambda-java-events\3.14.0\aws-lambda-java-events-3.14.0.jar;C:\Users\matth\.m2\repository\joda-time\joda-time\2.10.8\joda-time-2.10.8.jar;C:\Users\matth\.m2\repository\com\amazonaws\aws-lambda-java-core\1.2.3\aws-lambda-java-core-1.2.3.jar;C:\Users\matth\.m2\repository\org\springframework\boot\spring-boot-starter-test\3.5.0-RC1\spring-boot-starter-test-3.5.0-RC1.jar;C:\Users\matth\.m2\repository\org\springframework\boot\spring-boot-test\3.5.0-RC1\spring-boot-test-3.5.0-RC1.jar;C:\Users\matth\.m2\repository\org\springframework\boot\spring-boot-test-autoconfigure\3.5.0-RC1\spring-boot-test-autoconfigure-3.5.0-RC1.jar;C:\Users\matth\.m2\repository\com\jayway\jsonpath\json-path\2.9.0\json-path-2.9.0.jar;C:\Users\matth\.m2\repository\org\slf4j\slf4j-api\2.0.17\slf4j-api-2.0.17.jar;C:\Users\matth\.m2\repository\jakarta\xml\bind\jakarta.xml.bind-api\4.0.2\jakarta.xml.bind-api-4.0.2.jar;C:\Users\matth\.m2\repository\jakarta\activation\jakarta.activation-api\2.1.3\jakarta.activation-api-2.1.3.jar;C:\Users\matth\.m2\repository\net\minidev\json-smart\2.5.2\json-smart-2.5.2.jar;C:\Users\matth\.m2\repository\net\minidev\accessors-smart\2.5.2\accessors-smart-2.5.2.jar;C:\Users\matth\.m2\repository\org\ow2\asm\asm\9.7.1\asm-9.7.1.jar;C:\Users\matth\.m2\repository\org\assertj\assertj-core\3.27.3\assertj-core-3.27.3.jar;C:\Users\matth\.m2\repository\net\bytebuddy\byte-buddy\1.17.5\byte-buddy-1.17.5.jar;C:\Users\matth\.m2\repository\org\awaitility\awaitility\4.3.0\awaitility-4.3.0.jar;C:\Users\matth\.m2\repository\org\hamcrest\hamcrest\3.0\hamcrest-3.0.jar;C:\Users\matth\.m2\repository\org\junit\jupiter\junit-jupiter\5.12.2\junit-jupiter-5.12.2.jar;C:\Users\matth\.m2\repository\org\junit\jupiter\junit-jupiter-api\5.12.2\junit-jupiter-api-5.12.2.jar;C:\Users\matth\.m2\repository\org\opentest4j\opentest4j\1.3.0\opentest4j-1.3.0.jar;C:\Users\matth\.m2\repository\org\junit\platform\junit-platform-commons\1.12.2\junit-platform-commons-1.12.2.jar;C:\Users\matth\.m2\repository\org\apiguardian\apiguardian-api\1.1.2\apiguardian-api-1.1.2.jar;C:\Users\matth\.m2\repository\org\junit\jupiter\junit-jupiter-params\5.12.2\junit-jupiter-params-5.12.2.jar;C:\Users\matth\.m2\repository\org\junit\jupiter\junit-jupiter-engine\5.12.2\junit-jupiter-engine-5.12.2.jar;C:\Users\matth\.m2\repository\org\junit\platform\junit-platform-engine\1.12.2\junit-platform-engine-1.12.2.jar;C:\Users\matth\.m2\repository\org\mockito\mockito-core\5.17.0\mockito-core-5.17.0.jar;C:\Users\matth\.m2\repository\net\bytebuddy\byte-buddy-agent\1.17.5\byte-buddy-agent-1.17.5.jar;C:\Users\matth\.m2\repository\org\objenesis\objenesis\3.3\objenesis-3.3.jar;C:\Users\matth\.m2\repository\org\mockito\mockito-junit-jupiter\5.17.0\mockito-junit-jupiter-5.17.0.jar;C:\Users\matth\.m2\repository\org\skyscreamer\jsonassert\1.5.3\jsonassert-1.5.3.jar;C:\Users\matth\.m2\repository\com\vaadin\external\google\android-json\0.0.20131108.vaadin1\android-json-0.0.20131108.vaadin1.jar;C:\Users\matth\.m2\repository\org\springframework\spring-core\6.2.6\spring-core-6.2.6.jar;C:\Users\matth\.m2\repository\org\springframework\spring-jcl\6.2.6\spring-jcl-6.2.6.jar;C:\Users\matth\.m2\repository\org\springframework\spring-test\6.2.6\spring-test-6.2.6.jar;C:\Users\matth\.m2\repository\org\xmlunit\xmlunit-core\2.10.0\xmlunit-core-2.10.0.jar;C:\Users\matth\.m2\repository\org\springframework\boot\spring-boot-configuration-processor\3.5.0-RC1\spring-boot-configuration-processor-3.5.0-RC1.jar;C:\Users\matth\.m2\repository\software\amazon\awssdk\sqs\2.31.30\sqs-2.31.30.jar;C:\Users\matth\.m2\repository\software\amazon\awssdk\aws-json-protocol\2.31.30\aws-json-protocol-2.31.30.jar;C:\Users\matth\.m2\repository\software\amazon\awssdk\third-party-jackson-core\2.31.30\third-party-jackson-core-2.31.30.jar;C:\Users\matth\.m2\repository\software\amazon\awssdk\protocol-core\2.31.30\protocol-core-2.31.30.jar;C:\Users\matth\.m2\repository\software\amazon\awssdk\http-auth-aws\2.31.30\http-auth-aws-2.31.30.jar;C:\Users\matth\.m2\repository\software\amazon\awssdk\checksums-spi\2.31.30\checksums-spi-2.31.30.jar;C:\Users\matth\.m2\repository\software\amazon\awssdk\checksums\2.31.30\checksums-2.31.30.jar;C:\Users\matth\.m2\repository\software\amazon\awssdk\sdk-core\2.31.30\sdk-core-2.31.30.jar;C:\Users\matth\.m2\repository\software\amazon\awssdk\retries\2.31.30\retries-2.31.30.jar;C:\Users\matth\.m2\repository\org\reactivestreams\reactive-streams\1.0.4\reactive-streams-1.0.4.jar;C:\Users\matth\.m2\repository\software\amazon\awssdk\auth\2.31.30\auth-2.31.30.jar;C:\Users\matth\.m2\repository\software\amazon\awssdk\http-auth-aws-eventstream\2.31.30\http-auth-aws-eventstream-2.31.30.jar;C:\Users\matth\.m2\repository\software\amazon\eventstream\eventstream\1.0.1\eventstream-1.0.1.jar;C:\Users\matth\.m2\repository\software\amazon\awssdk\http-auth-spi\2.31.30\http-auth-spi-2.31.30.jar;C:\Users\matth\.m2\repository\software\amazon\awssdk\http-auth\2.31.30\http-auth-2.31.30.jar;C:\Users\matth\.m2\repository\software\amazon\awssdk\identity-spi\2.31.30\identity-spi-2.31.30.jar;C:\Users\matth\.m2\repository\software\amazon\awssdk\http-client-spi\2.31.30\http-client-spi-2.31.30.jar;C:\Users\matth\.m2\repository\software\amazon\awssdk\regions\2.31.30\regions-2.31.30.jar;C:\Users\matth\.m2\repository\software\amazon\awssdk\annotations\2.31.30\annotations-2.31.30.jar;C:\Users\matth\.m2\repository\software\amazon\awssdk\utils\2.31.30\utils-2.31.30.jar;C:\Users\matth\.m2\repository\software\amazon\awssdk\aws-core\2.31.30\aws-core-2.31.30.jar;C:\Users\matth\.m2\repository\software\amazon\awssdk\metrics-spi\2.31.30\metrics-spi-2.31.30.jar;C:\Users\matth\.m2\repository\software\amazon\awssdk\json-utils\2.31.30\json-utils-2.31.30.jar;C:\Users\matth\.m2\repository\software\amazon\awssdk\endpoints-spi\2.31.30\endpoints-spi-2.31.30.jar;C:\Users\matth\.m2\repository\software\amazon\awssdk\retries-spi\2.31.30\retries-spi-2.31.30.jar;C:\Users\matth\.m2\repository\software\amazon\awssdk\apache-client\2.31.30\apache-client-2.31.30.jar;C:\Users\matth\.m2\repository\org\apache\httpcomponents\httpclient\4.5.13\httpclient-4.5.13.jar;C:\Users\matth\.m2\repository\commons-logging\commons-logging\1.2\commons-logging-1.2.jar;C:\Users\matth\.m2\repository\org\apache\httpcomponents\httpcore\4.4.16\httpcore-4.4.16.jar;C:\Users\matth\.m2\repository\commons-codec\commons-codec\1.18.0\commons-codec-1.18.0.jar;C:\Users\matth\.m2\repository\software\amazon\awssdk\netty-nio-client\2.31.30\netty-nio-client-2.31.30.jar;C:\Users\matth\.m2\repository\io\netty\netty-codec-http\4.1.119.Final\netty-codec-http-4.1.119.Final.jar;C:\Users\matth\.m2\repository\io\netty\netty-codec-http2\4.1.119.Final\netty-codec-http2-4.1.119.Final.jar;C:\Users\matth\.m2\repository\io\netty\netty-codec\4.1.119.Final\netty-codec-4.1.119.Final.jar;C:\Users\matth\.m2\repository\io\netty\netty-transport\4.1.119.Final\netty-transport-4.1.119.Final.jar;C:\Users\matth\.m2\repository\io\netty\netty-common\4.1.119.Final\netty-common-4.1.119.Final.jar;C:\Users\matth\.m2\repository\io\netty\netty-buffer\4.1.119.Final\netty-buffer-4.1.119.Final.jar;C:\Users\matth\.m2\repository\io\netty\netty-handler\4.1.119.Final\netty-handler-4.1.119.Final.jar;C:\Users\matth\.m2\repository\io\netty\netty-transport-native-unix-common\4.1.119.Final\netty-transport-native-unix-common-4.1.119.Final.jar;C:\Users\matth\.m2\repository\io\netty\netty-transport-classes-epoll\4.1.119.Final\netty-transport-classes-epoll-4.1.119.Final.jar;C:\Users\matth\.m2\repository\io\netty\netty-resolver\4.1.119.Final\netty-resolver-4.1.119.Final.jar;C:\Users\matth\.m2\repository\software\amazon\awssdk\dynamodb\2.31.30\dynamodb-2.31.30.jar;C:\Users\matth\.m2\repository\software\amazon\awssdk\profiles\2.31.30\profiles-2.31.30.jar;"/>
    <property name="sun.cpu.endian" value="little"/>
    <property name="user.home" value="C:\Users\matth"/>
    <property name="user.language" value="en"/>
    <property name="java.specification.vendor" value="Oracle Corporation"/>
    <property name="java.version.date" value="2024-07-16"/>
    <property name="java.home" value="C:\Users\matth\.jdks\openjdk-22.0.2"/>
    <property name="file.separator" value="\"/>
    <property name="basedir" value="C:\github\lambda_for_free\spring_cloud_http"/>
    <property name="java.vm.compressedOopsMode" value="Zero based"/>
    <property name="line.separator" value="&#10;"/>
    <property name="java.vm.specification.vendor" value="Oracle Corporation"/>
    <property name="java.specification.name" value="Java Platform API Specification"/>
    <property name="surefire.real.class.path" value="C:\Users\matth\AppData\Local\Temp\surefire13882819708487712887\surefirebooter-20250427125413671_3.jar"/>
    <property name="user.script" value=""/>
    <property name="sun.management.compiler" value="HotSpot 64-Bit Tiered Compilers"/>
    <property name="java.runtime.version" value="22.0.2+9-70"/>
    <property name="user.name" value="matth"/>
    <property name="stdout.encoding" value="Cp1252"/>
    <property name="path.separator" value=";"/>
    <property name="os.version" value="10.0"/>
    <property name="java.runtime.name" value="OpenJDK Runtime Environment"/>
    <property name="file.encoding" value="UTF-8"/>
    <property name="java.vm.name" value="OpenJDK 64-Bit Server VM"/>
    <property name="localRepository" value="C:\Users\matth\.m2\repository"/>
    <property name="java.vendor.url.bug" value="https://bugreport.java.com/bugreport/"/>
    <property name="java.io.tmpdir" value="C:\Users\matth\AppData\Local\Temp\"/>
    <property name="idea.version" value="2025.1"/>
    <property name="java.version" value="22.0.2"/>
    <property name="user.dir" value="C:\github\lambda_for_free\spring_cloud_http"/>
    <property name="os.arch" value="amd64"/>
    <property name="java.vm.specification.name" value="Java Virtual Machine Specification"/>
    <property name="sun.os.patch.level" value=""/>
    <property name="native.encoding" value="Cp1252"/>
    <property name="java.library.path" value="C:\Users\matth\.jdks\openjdk-22.0.2\bin;C:\WINDOWS\Sun\Java\bin;C:\WINDOWS\system32;C:\WINDOWS;C:\Program Files\Semeru\jdk-21.0.4.7-openj9\bin;C:\WINDOWS\system32;C:\WINDOWS;C:\WINDOWS\System32\Wbem;C:\WINDOWS\System32\WindowsPowerShell\v1.0\;C:\WINDOWS\System32\OpenSSH\;C:\ProgramData\chocolatey\bin;C:\Program Files\nodejs\;C:\Program Files\Go\bin;C:\Program Files\starship\bin\;C:\Program Files\Amazon\AWSCLIV2\;C:\Program Files\Git\cmd;C:\Program Files\Microsoft SQL Server\150\Tools\Binn\;C:\Program Files\Microsoft SQL Server\Client SDK\ODBC\170\Tools\Binn\;C:\Program Files\dotnet\;C:\Program Files (x86)\Windows Kits\10\Windows Performance Toolkit\;C:\Program Files\Docker\Docker\resources\bin;C:\Program Files (x86)\gnupg\bin;C:\Program Files\Amazon\AWSSAMCLI\bin\;C:\ProgramData\chocolatey\lib\maven\apache-maven-3.9.9\bin;C:\Users\matth\AppData\Local\Programs\Python\Python312\Scripts\;C:\Users\matth\AppData\Local\Programs\Python\Python312\;C:\Ruby33-x64\bin;C:\Users\matth\.cargo\bin;C:\Users\matth\scoop\shims;C:\Users\matth\AppData\Local\Microsoft\WindowsApps;C:\Users\matth\AppData\Local\gitkraken\bin;c:\users\matth\.local\bin;C:\Program Files (x86)\GnuWin32\bin;C:\Users\matth\AppData\Local\Microsoft\WinGet\Packages\GitKraken.cli_Microsoft.Winget.Source_8wekyb3d8bbwe;C:\Users\matth\AppData\Roaming\npm;C:\Program Files\PostgreSQL\13\bin;C:\Program Files (x86)\Midnight Commander;C:\Users\matth\AppData\Local\Microsoft\WinGet\Packages\jqlang.jq_Microsoft.Winget.Source_8wekyb3d8bbwe;C:\Users\matth\go\bin;C:\Users\matth\AppData\Local\Microsoft\WinGet\Packages\koalaman.shellcheck_Microsoft.Winget.Source_8wekyb3d8bbwe;C:\Program Files\gnucobol;C:\Program Files\gnucobol\bin;C:\Users\matth\AppData\Local\Microsoft\WinGet\Packages\LLVM.ClangFormat_Microsoft.Winget.Source_8wekyb3d8bbwe\.;C:\Program Files\JetBrains\CLion 2024.1.2\bin\cmake\win\x64\bin\;C:\Users\matth\AppData\Local\Programs\Microsoft VS Code\bin;C:\Users\matth\AppData\Local\Microsoft\WinGet\Packages\sharkdp.bat_Microsoft.Winget.Source_8wekyb3d8bbwe\bat-v0.24.0-x86_64-pc-windows-msvc;C:\Users\matth\.dotnet\tools;C:\Users\matth\AppData\Local\GitHubDesktop\bin;C:\localstack-cli-3.8.0-windows-amd64-onefile;C:\public_record\tf\terraform_1.10.0_windows_amd64;C:\Users\matth\AppData\Local\JetBrains\Toolbox\scripts;C:\Users\matth\.dotnet\tools;C:\Users\matth\AppData\Local\Microsoft\WindowsApps;C:\Users\matth\AppData\Local\Microsoft\WinGet\Packages\JesseDuffield.lazygit_Microsoft.Winget.Source_8wekyb3d8bbwe;C:\Program Files (x86)\gnupg\bin;C:\Users\matth\AppData\Local\Programs\OpenTofu;C:\Program Files\granted;;."/>
    <property name="java.vm.info" value="mixed mode, sharing"/>
    <property name="stderr.encoding" value="Cp1252"/>
    <property name="java.vendor" value="Oracle Corporation"/>
    <property name="java.vm.version" value="22.0.2+9-70"/>
    <property name="sun.io.unicode.encoding" value="UnicodeLittle"/>
    <property name="java.class.version" value="66.0"/>
  </properties>
  <testcase name="test" classname="example.MapTests" time="0.022"/>
</testsuite>